<?xml version="1.0" encoding="UTF-8"?>
<!-- Generated by org.testng.reporters.JUnitReportReporter -->
<testsuite skipped="0" hostname="LAPTOP-O0V14N3E" name="test.Test" tests="1" failures="0" timestamp="27 jul 2019 14:04:35 GMT" time="13.683" errors="0">
  <testcase name="pruebaUno" time="13.683" classname="test.Test"/>
</testsuite> <!-- test.Test -->
