<?xml version="1.0" encoding="UTF-8"?>
<!-- Generated by org.testng.reporters.JUnitReportReporter -->
<testsuite skipped="1" hostname="LAPTOP-O0V14N3E" name="test.Tests" tests="5" failures="0" timestamp="22 ago 2019 18:50:02 GMT" time="72.422" errors="0">
  <testcase name="createOT" time="24.343" classname="test.Tests"/>
  <testcase name="crearRecomendacionesDiagnostico" time="20.635" classname="test.Tests"/>
  <testcase name="asignarDiasOT" time="10.760" classname="test.Tests"/>
  <testcase name="generarReporteInspeccion" time="16.684" classname="test.Tests"/>
  <testcase name="crearCotizacion" classname="test.Tests">
    <skipped/>
  </testcase> <!-- crearCotizacion -->
</testsuite> <!-- test.Tests -->
